Deploy complete @ Sat Apr 07 2018 09:48:09 GMT-0600 (MDT). added/changed 1 file(s): assets/cs-everything.styles.scss.liquid.
Deploy complete @ Sat Apr 07 2018 09:50:29 GMT-0600 (MDT). added/changed 1 file(s): layout/theme.liquid.
Deploy complete @ Sat Apr 07 2018 09:53:12 GMT-0600 (MDT). added/changed 1 file(s): assets/cs-everything.styles.scss.liquid.
Deploy complete @ Sat Apr 07 2018 10:42:13 GMT-0600 (MDT). added/changed 2 file(s): assets/farrand.jpg, assets/hoodie-bg.jpg.
Deploy complete @ Sat Apr 07 2018 10:53:18 GMT-0600 (MDT). added/changed 1 file(s): sections/product-template.liquid.
Deploy complete @ Sat Apr 07 2018 10:54:57 GMT-0600 (MDT). added/changed 1 file(s): sections/product-template.liquid.
Deploy complete @ Sat Apr 07 2018 10:57:13 GMT-0600 (MDT). added/changed 1 file(s): layout/theme.liquid.
Deploy complete @ Sat Apr 07 2018 10:57:39 GMT-0600 (MDT). added/changed 1 file(s): layout/theme.liquid.
Deploy complete @ Sat Apr 07 2018 10:58:58 GMT-0600 (MDT). added/changed 1 file(s): layout/theme.liquid.
Deploy complete @ Sat Apr 07 2018 10:59:43 GMT-0600 (MDT). added/changed 1 file(s): layout/theme.liquid.
Deploy complete @ Sat Apr 07 2018 11:01:04 GMT-0600 (MDT). added/changed 1 file(s): assets/cs-everything.styles.scss.liquid.
Deploy complete @ Sat Apr 07 2018 11:01:07 GMT-0600 (MDT). added/changed 1 file(s): assets/cs-everything.styles.scss.liquid.
Deploy complete @ Sat Apr 07 2018 11:04:56 GMT-0600 (MDT). added/changed 1 file(s): sections/product-template.liquid.
Deploy complete @ Sat Apr 07 2018 11:07:01 GMT-0600 (MDT). added/changed 1 file(s): assets/hoodie-bg.jpg.
Deploy complete @ Sat Apr 07 2018 11:08:58 GMT-0600 (MDT). added/changed 1 file(s): layout/theme.liquid.
Deploy complete @ Sat Apr 07 2018 11:09:00 GMT-0600 (MDT). added/changed 1 file(s): layout/theme.liquid.
Deploy complete @ Sat Apr 07 2018 11:14:40 GMT-0600 (MDT). added/changed 1 file(s): layout/theme.liquid.
Deploy complete @ Sat Apr 07 2018 11:14:41 GMT-0600 (MDT). added/changed 1 file(s): layout/theme.liquid.
Deploy complete @ Sat Apr 07 2018 11:14:42 GMT-0600 (MDT). added/changed 1 file(s): layout/theme.liquid.
Deploy complete @ Sat Apr 07 2018 11:14:44 GMT-0600 (MDT). added/changed 1 file(s): layout/theme.liquid.
Deploy complete @ Sat Apr 07 2018 11:14:46 GMT-0600 (MDT). added/changed 1 file(s): layout/theme.liquid.
Deploy complete @ Sat Apr 07 2018 11:14:58 GMT-0600 (MDT). added/changed 1 file(s): layout/theme.liquid.
Deploy complete @ Sat Apr 07 2018 11:19:47 GMT-0600 (MDT). added/changed 1 file(s): layout/theme.liquid.
Deploy complete @ Sat Apr 07 2018 11:19:48 GMT-0600 (MDT). added/changed 1 file(s): layout/theme.liquid.
Deploy complete @ Sat Apr 07 2018 11:24:06 GMT-0600 (MDT). added/changed 1 file(s): assets/shopclearance_4f2ca746-fa93-4140-89f7-355cd1bed711.png.
Deploy complete @ Sat Apr 07 2018 11:24:15 GMT-0600 (MDT). added/changed 1 file(s): assets/shopacc.png.
Deploy complete @ Sat Apr 07 2018 11:24:20 GMT-0600 (MDT). added/changed 1 file(s): assets/shopmens_f0e0fbb1-9012-4a03-b749-cba2bc9fe9d6.png.
Deploy complete @ Sat Apr 07 2018 11:24:27 GMT-0600 (MDT). added/changed 1 file(s): assets/shopwomens_2ac73981-3dc0-4d99-8546-9aa0edee8996.png.
Deploy complete @ Sat Apr 07 2018 12:16:42 GMT-0600 (MDT). added/changed 1 file(s): layout/theme.liquid.
Deploy complete @ Sat Apr 07 2018 12:16:43 GMT-0600 (MDT). added/changed 1 file(s): layout/theme.liquid.
Deploy complete @ Sat Apr 07 2018 12:17:06 GMT-0600 (MDT). added/changed 1 file(s): layout/theme.liquid.
Deploy complete @ Sat Apr 07 2018 12:17:29 GMT-0600 (MDT). added/changed 1 file(s): layout/theme.liquid.
